# JRE version: OpenJDK Runtime Environment (8.0_112-b06) (build 1.8.0_112-release-b06)
# Java VM: OpenJDK 64-Bit Server VM (25.112-b06 mixed mode linux-amd64 compressed oops)
Heap:
 PSYoungGen      total 300544K, used 7396K [0x00000000e0000000, 0x00000000f3e00000, 0x0000000100000000)
  eden space 275456K, 0% used [0x00000000e0000000,0x00000000e0000000,0x00000000f0d00000)
  from space 25088K, 29% used [0x00000000f0d00000,0x00000000f1439000,0x00000000f2580000)
  to   space 17408K, 0% used [0x00000000f2d00000,0x00000000f2d00000,0x00000000f3e00000)
 ParOldGen       total 85504K, used 53044K [0x00000000a0000000, 0x00000000a5380000, 0x00000000e0000000)
  object space 85504K, 62% used [0x00000000a0000000,0x00000000a33cd3c0,0x00000000a5380000)
 Metaspace       used 71273K, capacity 73998K, committed 74264K, reserved 1114112K
  class space    used 9009K, capacity 9480K, committed 9496K, reserved 1048576K
GC Heap History (10 events):
Event: 16.336 GC heap after
Heap after GC invocations=17 (full 3):
 PSYoungGen      total 209408K, used 17235K [0x00000000e0000000, 0x00000000ee580000, 0x0000000100000000)
  eden space 188928K, 0% used [0x00000000e0000000,0x00000000e0000000,0x00000000eb880000)
  from space 20480K, 84% used [0x00000000ed180000,0x00000000ee254ec0,0x00000000ee580000)
  to   space 23040K, 0% used [0x00000000eb880000,0x00000000eb880000,0x00000000ecf00000)
 ParOldGen       total 85504K, used 32756K [0x00000000a0000000, 0x00000000a5380000, 0x00000000e0000000)
  object space 85504K, 38% used [0x00000000a0000000,0x00000000a1ffd390,0x00000000a5380000)
 Metaspace       used 61888K, capacity 63786K, committed 64024K, reserved 1103872K
  class space    used 8254K, capacity 8648K, committed 8728K, reserved 1048576K
}
Event: 19.188 GC heap before
{Heap before GC invocations=18 (full 3):
 PSYoungGen      total 209408K, used 206163K [0x00000000e0000000, 0x00000000ee580000, 0x0000000100000000)
  eden space 188928K, 100% used [0x00000000e0000000,0x00000000eb880000,0x00000000eb880000)
  from space 20480K, 84% used [0x00000000ed180000,0x00000000ee254ec0,0x00000000ee580000)
  to   space 23040K, 0% used [0x00000000eb880000,0x00000000eb880000,0x00000000ecf00000)
 ParOldGen       total 85504K, used 32756K [0x00000000a0000000, 0x00000000a5380000, 0x00000000e0000000)
  object space 85504K, 38% used [0x00000000a0000000,0x00000000a1ffd390,0x00000000a5380000)
 Metaspace       used 66585K, capacity 68618K, committed 68888K, reserved 1110016K
  class space    used 8723K, capacity 9146K, committed 9240K, reserved 1048576K
Event: 19.232 GC heap after
Heap after GC invocations=18 (full 3):
 PSYoungGen      total 211968K, used 23010K [0x00000000e0000000, 0x00000000f2a00000, 0x0000000100000000)
  eden space 188928K, 0% used [0x00000000e0000000,0x00000000e0000000,0x00000000eb880000)
  from space 23040K, 99% used [0x00000000eb880000,0x00000000ecef8ac8,0x00000000ecf00000)
  to   space 27136K, 0% used [0x00000000f0f80000,0x00000000f0f80000,0x00000000f2a00000)
 ParOldGen       total 85504K, used 34017K [0x00000000a0000000, 0x00000000a5380000, 0x00000000e0000000)
  object space 85504K, 39% used [0x00000000a0000000,0x00000000a2138708,0x00000000a5380000)
 Metaspace       used 66585K, capacity 68618K, committed 68888K, reserved 1110016K
  class space    used 8723K, capacity 9146K, committed 9240K, reserved 1048576K
}
Event: 83.946 GC heap before
{Heap before GC invocations=19 (full 3):
 PSYoungGen      total 211968K, used 211938K [0x00000000e0000000, 0x00000000f2a00000, 0x0000000100000000)
  eden space 188928K, 100% used [0x00000000e0000000,0x00000000eb880000,0x00000000eb880000)
  from space 23040K, 99% used [0x00000000eb880000,0x00000000ecef8ac8,0x00000000ecf00000)
  to   space 27136K, 0% used [0x00000000f0f80000,0x00000000f0f80000,0x00000000f2a00000)
 ParOldGen       total 85504K, used 34017K [0x00000000a0000000, 0x00000000a5380000, 0x00000000e0000000)
  object space 85504K, 39% used [0x00000000a0000000,0x00000000a2138708,0x00000000a5380000)
 Metaspace       used 68961K, capacity 71042K, committed 71320K, reserved 1112064K
  class space    used 8879K, capacity 9272K, committed 9368K, reserved 1048576K
Event: 83.989 GC heap after
Heap after GC invocations=19 (full 3):
 PSYoungGen      total 260608K, used 7134K [0x00000000e0000000, 0x00000000f2100000, 0x0000000100000000)
  eden space 242688K, 0% used [0x00000000e0000000,0x00000000e0000000,0x00000000eed00000)
  from space 17920K, 39% used [0x00000000f0f80000,0x00000000f1677ab0,0x00000000f2100000)
  to   space 26624K, 0% used [0x00000000eed00000,0x00000000eed00000,0x00000000f0700000)
 ParOldGen       total 85504K, used 53020K [0x00000000a0000000, 0x00000000a5380000, 0x00000000e0000000)
  object space 85504K, 62% used [0x00000000a0000000,0x00000000a33c73c0,0x00000000a5380000)
 Metaspace       used 68961K, capacity 71042K, committed 71320K, reserved 1112064K
  class space    used 8879K, capacity 9272K, committed 9368K, reserved 1048576K
}
Event: 134.578 GC heap before
{Heap before GC invocations=20 (full 3):
 PSYoungGen      total 260608K, used 249822K [0x00000000e0000000, 0x00000000f2100000, 0x0000000100000000)
  eden space 242688K, 100% used [0x00000000e0000000,0x00000000eed00000,0x00000000eed00000)
  from space 17920K, 39% used [0x00000000f0f80000,0x00000000f1677ab0,0x00000000f2100000)
  to   space 26624K, 0% used [0x00000000eed00000,0x00000000eed00000,0x00000000f0700000)
 ParOldGen       total 85504K, used 53020K [0x00000000a0000000, 0x00000000a5380000, 0x00000000e0000000)
  object space 85504K, 62% used [0x00000000a0000000,0x00000000a33c73c0,0x00000000a5380000)
 Metaspace       used 69713K, capacity 71978K, committed 72088K, reserved 1112064K
  class space    used 8922K, capacity 9350K, committed 9368K, reserved 1048576K
Event: 134.596 GC heap after
Heap after GC invocations=20 (full 3):
 PSYoungGen      total 269312K, used 5596K [0x00000000e0000000, 0x00000000f4680000, 0x0000000100000000)
  eden space 242688K, 0% used [0x00000000e0000000,0x00000000e0000000,0x00000000eed00000)
  from space 26624K, 21% used [0x00000000eed00000,0x00000000ef2773b0,0x00000000f0700000)
  to   space 26112K, 0% used [0x00000000f2d00000,0x00000000f2d00000,0x00000000f4680000)
 ParOldGen       total 85504K, used 53028K [0x00000000a0000000, 0x00000000a5380000, 0x00000000e0000000)
  object space 85504K, 62% used [0x00000000a0000000,0x00000000a33c93c0,0x00000000a5380000)
 Metaspace       used 69713K, capacity 71978K, committed 72088K, reserved 1112064K
  class space    used 8922K, capacity 9350K, committed 9368K, reserved 1048576K
}
Event: 170.733 GC heap before
{Heap before GC invocations=21 (full 3):
 PSYoungGen      total 269312K, used 248284K [0x00000000e0000000, 0x00000000f4680000, 0x0000000100000000)
  eden space 242688K, 100% used [0x00000000e0000000,0x00000000eed00000,0x00000000eed00000)
  from space 26624K, 21% used [0x00000000eed00000,0x00000000ef2773b0,0x00000000f0700000)
  to   space 26112K, 0% used [0x00000000f2d00000,0x00000000f2d00000,0x00000000f4680000)
 ParOldGen       total 85504K, used 53028K [0x00000000a0000000, 0x00000000a5380000, 0x00000000e0000000)
  object space 85504K, 62% used [0x00000000a0000000,0x00000000a33c93c0,0x00000000a5380000)
 Metaspace       used 70531K, capacity 73006K, committed 73240K, reserved 1114112K
  class space    used 8956K, capacity 9396K, committed 9496K, reserved 1048576K
Event: 170.751 GC heap after
Heap after GC invocations=21 (full 3):
 PSYoungGen      total 292864K, used 7241K [0x00000000e0000000, 0x00000000f3e00000, 0x0000000100000000)
  eden space 275456K, 0% used [0x00000000e0000000,0x00000000e0000000,0x00000000f0d00000)
  from space 17408K, 41% used [0x00000000f2d00000,0x00000000f3412770,0x00000000f3e00000)
  to   space 25088K, 0% used [0x00000000f0d00000,0x00000000f0d00000,0x00000000f2580000)
 ParOldGen       total 85504K, used 53036K [0x00000000a0000000, 0x00000000a5380000, 0x00000000e0000000)
  object space 85504K, 62% used [0x00000000a0000000,0x00000000a33cb3c0,0x00000000a5380000)
 Metaspace       used 70531K, capacity 73006K, committed 73240K, reserved 1114112K
  class space    used 8956K, capacity 9396K, committed 9496K, reserved 1048576K
}
Event: 241.862 GC heap before
{Heap before GC invocations=22 (full 3):
 PSYoungGen      total 292864K, used 282697K [0x00000000e0000000, 0x00000000f3e00000, 0x0000000100000000)
  eden space 275456K, 100% used [0x00000000e0000000,0x00000000f0d00000,0x00000000f0d00000)
  from space 17408K, 41% used [0x00000000f2d00000,0x00000000f3412770,0x00000000f3e00000)
  to   space 25088K, 0% used [0x00000000f0d00000,0x00000000f0d00000,0x00000000f2580000)
 ParOldGen       total 85504K, used 53036K [0x00000000a0000000, 0x00000000a5380000, 0x00000000e0000000)
  object space 85504K, 62% used [0x00000000a0000000,0x00000000a33cb3c0,0x00000000a5380000)
 Metaspace       used 71273K, capacity 73998K, committed 74264K, reserved 1114112K
  class space    used 9009K, capacity 9480K, committed 9496K, reserved 1048576K

